{"/Users/timhrdy/Documents/dev/MDS/startup/Unify-App/micro-affil/src/domain/ports/affiliation.repository.interface.ts": {"path":"/Users/timhrdy/Documents/dev/MDS/startup/Unify-App/micro-affil/src/domain/ports/affiliation.repository.interface.ts","statementMap":{"0":{"start":{"line":30,"column":13},"end":{"line":30,"column":71}}},"fnMap":{},"branchMap":{},"s":{"0":1},"f":{},"b":{}}
,"/Users/timhrdy/Documents/dev/MDS/startup/Unify-App/micro-affil/src/domain/services/code-generator.service.ts": {"path":"/Users/timhrdy/Documents/dev/MDS/startup/Unify-App/micro-affil/src/domain/services/code-generator.service.ts","statementMap":{"0":{"start":{"line":4,"column":0},"end":{"line":4,"column":40}},"1":{"start":{"line":11,"column":21},"end":{"line":11,"column":56}},"2":{"start":{"line":12,"column":4},"end":{"line":12,"column":46}},"3":{"start":{"line":16,"column":4},"end":{"line":16,"column":25}},"4":{"start":{"line":21,"column":18},"end":{"line":21,"column":60}},"5":{"start":{"line":22,"column":4},"end":{"line":22,"column":28}},"6":{"start":{"line":6,"column":0},"end":{"line":6,"column":13}}},"fnMap":{"0":{"name":"(anonymous_0)","decl":{"start":{"line":9,"column":2},"end":{"line":9,"column":null}},"loc":{"start":{"line":9,"column":2},"end":{"line":13,"column":3}}},"1":{"name":"(anonymous_1)","decl":{"start":{"line":15,"column":2},"end":{"line":15,"column":10}},"loc":{"start":{"line":15,"column":10},"end":{"line":17,"column":3}}},"2":{"name":"(anonymous_2)","decl":{"start":{"line":20,"column":2},"end":{"line":20,"column":9}},"loc":{"start":{"line":20,"column":22},"end":{"line":23,"column":3}}}},"branchMap":{},"s":{"0":2,"1":7,"2":7,"3":2,"4":3,"5":3,"6":2},"f":{"0":7,"1":2,"2":3},"b":{}}
,"/Users/timhrdy/Documents/dev/MDS/startup/Unify-App/micro-affil/src/domain/usecases/create-affiliation-code.usecase.ts": {"path":"/Users/timhrdy/Documents/dev/MDS/startup/Unify-App/micro-affil/src/domain/usecases/create-affiliation-code.usecase.ts","statementMap":{"0":{"start":{"line":4,"column":0},"end":{"line":4,"column":52}},"1":{"start":{"line":5,"column":0},"end":{"line":5,"column":107}},"2":{"start":{"line":6,"column":0},"end":{"line":6,"column":74}},"3":{"start":{"line":11,"column":4},"end":{"line":11,"column":19}},"4":{"start":{"line":12,"column":4},"end":{"line":12,"column":45}},"5":{"start":{"line":9,"column":0},"end":{"line":9,"column":13}},"6":{"start":{"line":17,"column":7},"end":{"line":54,"column":null}},"7":{"start":{"line":20,"column":21},"end":{"line":20,"column":66}},"8":{"start":{"line":21,"column":21},"end":{"line":21,"column":36}},"9":{"start":{"line":26,"column":25},"end":{"line":26,"column":78}},"10":{"start":{"line":27,"column":4},"end":{"line":31,"column":5}},"11":{"start":{"line":28,"column":6},"end":{"line":30,"column":8}},"12":{"start":{"line":35,"column":19},"end":{"line":35,"column":20}},"13":{"start":{"line":36,"column":24},"end":{"line":36,"column":26}},"14":{"start":{"line":38,"column":4},"end":{"line":47,"column":66}},"15":{"start":{"line":39,"column":6},"end":{"line":39,"column":43}},"16":{"start":{"line":40,"column":6},"end":{"line":40,"column":17}},"17":{"start":{"line":42,"column":6},"end":{"line":46,"column":7}},"18":{"start":{"line":43,"column":8},"end":{"line":45,"column":10}},"19":{"start":{"line":50,"column":24},"end":{"line":50,"column":77}},"20":{"start":{"line":52,"column":4},"end":{"line":52,"column":23}},"21":{"start":{"line":17,"column":13},"end":{"line":17,"column":41}},"22":{"start":{"line":17,"column":13},"end":{"line":54,"column":null}}},"fnMap":{"0":{"name":"(anonymous_4)","decl":{"start":{"line":10,"column":2},"end":{"line":10,"column":14}},"loc":{"start":{"line":10,"column":29},"end":{"line":13,"column":3}}},"1":{"name":"(anonymous_5)","decl":{"start":{"line":18,"column":2},"end":{"line":18,"column":null}},"loc":{"start":{"line":21,"column":56},"end":{"line":22,"column":6}}},"2":{"name":"(anonymous_6)","decl":{"start":{"line":24,"column":2},"end":{"line":24,"column":7}},"loc":{"start":{"line":24,"column":30},"end":{"line":53,"column":3}}}},"branchMap":{"0":{"loc":{"start":{"line":27,"column":4},"end":{"line":31,"column":5}},"type":"if","locations":[{"start":{"line":27,"column":4},"end":{"line":31,"column":5}},{"start":{},"end":{}}]},"1":{"loc":{"start":{"line":42,"column":6},"end":{"line":46,"column":7}},"type":"if","locations":[{"start":{"line":42,"column":6},"end":{"line":46,"column":7}},{"start":{},"end":{}}]}},"s":{"0":1,"1":1,"2":1,"3":3,"4":3,"5":1,"6":1,"7":4,"8":4,"9":4,"10":4,"11":2,"12":2,"13":2,"14":2,"15":11,"16":11,"17":11,"18":1,"19":1,"20":1,"21":1,"22":1},"f":{"0":3,"1":4,"2":4},"b":{"0":[2,2],"1":[1,10]}}
}
