TN:
SF:src/domain/ports/affiliation.repository.interface.ts
FNF:0
FNH:0
DA:30,1
LF:1
LH:1
BRF:0
BRH:0
end_of_record
TN:
SF:src/domain/services/code-generator.service.ts
FN:9,(anonymous_0)
FN:15,(anonymous_1)
FN:20,(anonymous_2)
FNF:3
FNH:3
FNDA:7,(anonymous_0)
FNDA:2,(anonymous_1)
FNDA:3,(anonymous_2)
DA:4,2
DA:6,2
DA:11,7
DA:12,7
DA:16,2
DA:21,3
DA:22,3
LF:7
LH:7
BRF:0
BRH:0
end_of_record
TN:
SF:src/domain/usecases/create-affiliation-code.usecase.ts
FN:10,(anonymous_4)
FN:18,(anonymous_5)
FN:24,(anonymous_6)
FNF:3
FNH:3
FNDA:3,(anonymous_4)
FNDA:4,(anonymous_5)
FNDA:4,(anonymous_6)
DA:4,1
DA:5,1
DA:6,1
DA:9,1
DA:11,3
DA:12,3
DA:17,1
DA:20,4
DA:21,4
DA:26,4
DA:27,4
DA:28,2
DA:35,2
DA:36,2
DA:38,2
DA:39,11
DA:40,11
DA:42,11
DA:43,1
DA:50,1
DA:52,1
LF:21
LH:21
BRDA:27,0,0,2
BRDA:27,0,1,2
BRDA:42,1,0,1
BRDA:42,1,1,10
BRF:4
BRH:4
end_of_record
